<?xml version="1.0" encoding="UTF-8"?>
<!-- Generated by org.testng.reporters.JUnitXMLReporter -->
<testsuite ignored="0" hostname="DESKTOP-HPEUQME" failures="0" tests="4" name="Chrome-1" time="25.606" errors="0" timestamp="2023-01-10T14:47:25 IST">
  <testcase classname="testNGclasses.SampleTest1" name="sample1" time="13.703"/>
  <testcase classname="testNGclasses.SampleTest1" name="sample2" time="4.977"/>
  <testcase classname="testNGclasses.SampleTest2" name="sample3" time="3.389"/>
  <testcase classname="testNGclasses.SampleTest2" name="sample4" time="3.331"/>
</testsuite> <!-- Chrome-1 -->
